{
  "stats": {
    "suites": 3,
    "tests": 13,
    "passes": 13,
    "pending": 0,
    "failures": 0,
    "start": "2021-04-19T17:33:28.457Z",
    "end": "2021-04-19T17:36:29.947Z",
    "duration": 181490,
    "testsRegistered": 13,
    "passPercent": 100,
    "pendingPercent": 0,
    "other": 0,
    "hasOther": false,
    "skipped": 0,
    "hasSkipped": false
  },
  "results": [
    {
      "uuid": "e84aec09-39ec-4ec2-82fb-8833dbd7dde4",
      "title": "",
      "fullFile": "",
      "file": "",
      "beforeHooks": [],
      "afterHooks": [],
      "tests": [],
      "suites": [
        {
          "uuid": "f103fd45-940b-4e87-a5cc-2bb22429213a",
          "title": "Play VoD (Logged Out / Unauthenticated)",
          "fullFile": "/Users/sergio.gonzalez/Documents/ROKU/roku-automation/tests/scenario1.js",
          "file": "/tests/scenario1.js",
          "beforeHooks": [
            {
              "title": "\"before all\" hook",
              "fullTitle": "Play VoD (Logged Out / Unauthenticated) \"before all\" hook",
              "timedOut": false,
              "duration": 13386,
              "state": null,
              "speed": null,
              "pass": false,
              "fail": false,
              "pending": false,
              "context": null,
              "code": "this.timeout(20000);\nchildProcess =  await server.startServer();\nlibrary = new rokuLibrary.Library(config.ROKU_IP);\nawait library.sideLoad(config.APP_PATH, config.ROKU_USER, config.ROKU_PASS);",
              "err": {},
              "uuid": "807fc71d-86d7-416b-a0f4-d1ed68f9f453",
              "parentUUID": "f103fd45-940b-4e87-a5cc-2bb22429213a",
              "isHook": true,
              "skipped": false
            }
          ],
          "afterHooks": [
            {
              "title": "\"after all\" hook",
              "fullTitle": "Play VoD (Logged Out / Unauthenticated) \"after all\" hook",
              "timedOut": false,
              "duration": 3,
              "state": null,
              "speed": null,
              "pass": false,
              "fail": false,
              "pending": false,
              "context": null,
              "code": "await library.close();\nchildProcess.kill('SIGKILL');",
              "err": {},
              "uuid": "09bca3f0-02ec-4642-97d6-1682765c60fd",
              "parentUUID": "f103fd45-940b-4e87-a5cc-2bb22429213a",
              "isHook": true,
              "skipped": false
            }
          ],
          "tests": [
            {
              "title": "should launch the app",
              "fullTitle": "Play VoD (Logged Out / Unauthenticated) should launch the app",
              "timedOut": false,
              "duration": 1025,
              "state": "passed",
              "speed": "slow",
              "pass": true,
              "fail": false,
              "pending": false,
              "context": null,
              "code": "this.timeout(15000);\nawait library.verifyIsChannelLoaded('dev');",
              "err": {},
              "uuid": "c2e57b29-4c82-440d-8502-d8c3e62db43c",
              "parentUUID": "f103fd45-940b-4e87-a5cc-2bb22429213a",
              "isHook": false,
              "skipped": false
            },
            {
              "title": "check if list of videos is present",
              "fullTitle": "Play VoD (Logged Out / Unauthenticated) check if list of videos is present",
              "timedOut": false,
              "duration": 2414,
              "state": "passed",
              "speed": "slow",
              "pass": true,
              "fail": false,
              "pending": false,
              "context": null,
              "code": "this.timeout(10000);\nconst res = await library.verifyIsScreenLoaded({'elementData': [{'using': 'tag', 'value': 'HomeMovingFocusRowList'}]});\nexpect(res).to.equal(true);",
              "err": {},
              "uuid": "3bfe3264-eb7f-4bc4-b2c7-d311b3fe4b01",
              "parentUUID": "f103fd45-940b-4e87-a5cc-2bb22429213a",
              "isHook": false,
              "skipped": false
            },
            {
              "title": "Select a video in the carousel",
              "fullTitle": "Play VoD (Logged Out / Unauthenticated) Select a video in the carousel",
              "timedOut": false,
              "duration": 15139,
              "state": "passed",
              "speed": "slow",
              "pass": true,
              "fail": false,
              "pending": false,
              "context": null,
              "code": "this.timeout(30000);\nawait library.sendKey('select', 0.5);\nwhile(!await library.verifyIsScreenLoaded({\"elementData\" :[{ \"using\": \"text\", \"value\": \"WATCH NOW\"}]})) {\n    await library.sendKey('right', 1);\n}\nawait library.sendKey('select', 0.5);\nawait library.sendKey('select', 0.5);",
              "err": {},
              "uuid": "03f17f1f-13fc-4f29-8131-85d0b38b6d7e",
              "parentUUID": "f103fd45-940b-4e87-a5cc-2bb22429213a",
              "isHook": false,
              "skipped": false
            },
            {
              "title": "Check video has started",
              "fullTitle": "Play VoD (Logged Out / Unauthenticated) Check video has started",
              "timedOut": false,
              "duration": 5391,
              "state": "passed",
              "speed": "slow",
              "pass": true,
              "fail": false,
              "pending": false,
              "context": null,
              "code": "this.timeout(10000);\nconst res = await library.verifyIsPlaybackStarted();\nexpect(res).equal(true);",
              "err": {},
              "uuid": "d2a28e07-162d-4572-8ed0-41aaa86d15e5",
              "parentUUID": "f103fd45-940b-4e87-a5cc-2bb22429213a",
              "isHook": false,
              "skipped": false
            },
            {
              "title": "Pause video after 1 minute",
              "fullTitle": "Play VoD (Logged Out / Unauthenticated) Pause video after 1 minute",
              "timedOut": false,
              "duration": 61126,
              "state": "passed",
              "speed": "slow",
              "pass": true,
              "fail": false,
              "pending": false,
              "context": null,
              "code": "this.timeout(90000);\nawait library.sleep(60000);\nawait library.sendKey('play', 1);\nconst res = await library.verifyIsScreenLoaded({\n    \"elementData\":[{\n        \"using\": \"tag\",\n        \"value\": \"Poster\"\n    },{\n        \"using\": \"attr\",\n        \"attribute\": \"name\",\n        \"value\": \"currentPosition\"\n    }]\n});\nexpect(res).equal(true);",
              "err": {},
              "uuid": "aef91e6f-c78c-4901-82d2-c2f4c017343d",
              "parentUUID": "f103fd45-940b-4e87-a5cc-2bb22429213a",
              "isHook": false,
              "skipped": false
            },
            {
              "title": "check the position time",
              "fullTitle": "Play VoD (Logged Out / Unauthenticated) check the position time",
              "timedOut": false,
              "duration": 1,
              "state": "passed",
              "speed": "fast",
              "pass": true,
              "fail": false,
              "pending": false,
              "context": null,
              "code": "this.timeout(10000);\nlet time = library.getTimer();\nexpect(time).greaterThan(55000);",
              "err": {},
              "uuid": "9cab3c1c-f08b-4567-ae14-9e903563e58e",
              "parentUUID": "f103fd45-940b-4e87-a5cc-2bb22429213a",
              "isHook": false,
              "skipped": false
            }
          ],
          "suites": [],
          "passes": [
            "c2e57b29-4c82-440d-8502-d8c3e62db43c",
            "3bfe3264-eb7f-4bc4-b2c7-d311b3fe4b01",
            "03f17f1f-13fc-4f29-8131-85d0b38b6d7e",
            "d2a28e07-162d-4572-8ed0-41aaa86d15e5",
            "aef91e6f-c78c-4901-82d2-c2f4c017343d",
            "9cab3c1c-f08b-4567-ae14-9e903563e58e"
          ],
          "failures": [],
          "pending": [],
          "skipped": [],
          "duration": 85096,
          "root": false,
          "rootEmpty": false,
          "_timeout": 2000
        },
        {
          "uuid": "0e760e93-0fb6-43a5-a1cc-be864edfebb2",
          "title": "Play VoD (Logged Out / Unauthenticated)",
          "fullFile": "/Users/sergio.gonzalez/Documents/ROKU/roku-automation/tests/scenario2.js",
          "file": "/tests/scenario2.js",
          "beforeHooks": [
            {
              "title": "\"before all\" hook",
              "fullTitle": "Play VoD (Logged Out / Unauthenticated) \"before all\" hook",
              "timedOut": false,
              "duration": 16307,
              "state": null,
              "speed": null,
              "pass": false,
              "fail": false,
              "pending": false,
              "context": null,
              "code": "this.timeout(20000);\nchildProcess =  await server.startServer();\nlibrary = new rokuLibrary.Library(config.ROKU_IP);\nawait library.sideLoad(config.APP_PATH, config.ROKU_USER, config.ROKU_PASS);",
              "err": {},
              "uuid": "520fbbed-5fbb-4b2b-90f5-3f7ad0dfd587",
              "parentUUID": "0e760e93-0fb6-43a5-a1cc-be864edfebb2",
              "isHook": true,
              "skipped": false
            }
          ],
          "afterHooks": [
            {
              "title": "\"after all\" hook",
              "fullTitle": "Play VoD (Logged Out / Unauthenticated) \"after all\" hook",
              "timedOut": false,
              "duration": 2,
              "state": null,
              "speed": null,
              "pass": false,
              "fail": false,
              "pending": false,
              "context": null,
              "code": "await library.close();\nchildProcess.kill('SIGKILL');",
              "err": {},
              "uuid": "dd6e2396-522b-4ecc-b364-24f501d4a494",
              "parentUUID": "0e760e93-0fb6-43a5-a1cc-be864edfebb2",
              "isHook": true,
              "skipped": false
            }
          ],
          "tests": [
            {
              "title": "should launch the app",
              "fullTitle": "Play VoD (Logged Out / Unauthenticated) should launch the app",
              "timedOut": false,
              "duration": 1033,
              "state": "passed",
              "speed": "slow",
              "pass": true,
              "fail": false,
              "pending": false,
              "context": null,
              "code": "this.timeout(15000);\nawait library.verifyIsChannelLoaded('dev');",
              "err": {},
              "uuid": "7d73d833-9465-48ff-aada-927e5a6546e1",
              "parentUUID": "0e760e93-0fb6-43a5-a1cc-be864edfebb2",
              "isHook": false,
              "skipped": false
            },
            {
              "title": "navigate to tv provider",
              "fullTitle": "Play VoD (Logged Out / Unauthenticated) navigate to tv provider",
              "timedOut": false,
              "duration": 18361,
              "state": "passed",
              "speed": "slow",
              "pass": true,
              "fail": false,
              "pending": false,
              "context": null,
              "code": "this.timeout(20000);\nawait library.sendKeys(['right', 'right', 'right', 'right', 'right','select','down','down','select']);",
              "err": {},
              "uuid": "f3981063-ee77-4e46-af93-63bb9345a937",
              "parentUUID": "0e760e93-0fb6-43a5-a1cc-be864edfebb2",
              "isHook": false,
              "skipped": false
            },
            {
              "title": "Login using a valid account",
              "fullTitle": "Play VoD (Logged Out / Unauthenticated) Login using a valid account",
              "timedOut": false,
              "duration": 14390,
              "state": "passed",
              "speed": "slow",
              "pass": true,
              "fail": false,
              "pending": false,
              "context": null,
              "code": "this.timeout(50000);\nlet code = '';\nconst element = await library.getElement({\n    \"elementData\":[{\n        \"using\": \"tag\",\n        \"value\": \"LayoutGroup\"\n    },{\n        \"using\": \"attr\",\n        \"attribute\": \"name\",\n        \"value\": \"codeGroup\"\n    }]\n});\nconst children = library.getChildNodesByTag(element, 'label');\nawait children.forEach(element=> code += library.getAttribute(element, 'text'));\nresult = require('child_process').execSync(`CODE=\"${code}\" npx wdio run wdio.conf.js`);",
              "err": {},
              "uuid": "9cbb9354-6453-48bf-abf1-3ec11112bedb",
              "parentUUID": "0e760e93-0fb6-43a5-a1cc-be864edfebb2",
              "isHook": false,
              "skipped": false
            }
          ],
          "suites": [],
          "passes": [
            "7d73d833-9465-48ff-aada-927e5a6546e1",
            "f3981063-ee77-4e46-af93-63bb9345a937",
            "9cbb9354-6453-48bf-abf1-3ec11112bedb"
          ],
          "failures": [],
          "pending": [],
          "skipped": [],
          "duration": 33784,
          "root": false,
          "rootEmpty": false,
          "_timeout": 2000
        },
        {
          "uuid": "8d569ee9-87c9-4a56-b221-c7ecce7e0299",
          "title": "Play VoD (Logged Out / Unauthenticated)",
          "fullFile": "/Users/sergio.gonzalez/Documents/ROKU/roku-automation/tests/scenario3.js",
          "file": "/tests/scenario3.js",
          "beforeHooks": [
            {
              "title": "\"before all\" hook",
              "fullTitle": "Play VoD (Logged Out / Unauthenticated) \"before all\" hook",
              "timedOut": false,
              "duration": 16388,
              "state": null,
              "speed": null,
              "pass": false,
              "fail": false,
              "pending": false,
              "context": null,
              "code": "this.timeout(20000);\nchildProcess =  await server.startServer();\nlibrary = new rokuLibrary.Library(config.ROKU_IP);\nawait library.sideLoad(config.APP_PATH, config.ROKU_USER, config.ROKU_PASS);",
              "err": {},
              "uuid": "70deda79-3b2f-409e-ad58-50e872d0c99d",
              "parentUUID": "8d569ee9-87c9-4a56-b221-c7ecce7e0299",
              "isHook": true,
              "skipped": false
            }
          ],
          "afterHooks": [
            {
              "title": "\"after all\" hook",
              "fullTitle": "Play VoD (Logged Out / Unauthenticated) \"after all\" hook",
              "timedOut": false,
              "duration": 2,
              "state": null,
              "speed": null,
              "pass": false,
              "fail": false,
              "pending": false,
              "context": null,
              "code": "await library.close();\nchildProcess.kill('SIGKILL');",
              "err": {},
              "uuid": "a3d57a12-7642-418f-9b50-62bc93098fb8",
              "parentUUID": "8d569ee9-87c9-4a56-b221-c7ecce7e0299",
              "isHook": true,
              "skipped": false
            }
          ],
          "tests": [
            {
              "title": "should launch the app",
              "fullTitle": "Play VoD (Logged Out / Unauthenticated) should launch the app",
              "timedOut": false,
              "duration": 1031,
              "state": "passed",
              "speed": "slow",
              "pass": true,
              "fail": false,
              "pending": false,
              "context": null,
              "code": "this.timeout(15000);\nawait library.verifyIsChannelLoaded('dev');",
              "err": {},
              "uuid": "74aeb662-3cea-4ece-bfb4-de56d5aff3ec",
              "parentUUID": "8d569ee9-87c9-4a56-b221-c7ecce7e0299",
              "isHook": false,
              "skipped": false
            },
            {
              "title": "navigate to edit profile ",
              "fullTitle": "Play VoD (Logged Out / Unauthenticated) navigate to edit profile ",
              "timedOut": false,
              "duration": 14262,
              "state": "passed",
              "speed": "slow",
              "pass": true,
              "fail": false,
              "pending": false,
              "context": null,
              "code": "this.timeout(20000);\nawait library.sendKeys(['right', 'right', 'right', 'right', 'right','select','select']);",
              "err": {},
              "uuid": "442fac3b-d179-4c13-b59f-f0c4afb3e57e",
              "parentUUID": "8d569ee9-87c9-4a56-b221-c7ecce7e0299",
              "isHook": false,
              "skipped": false
            },
            {
              "title": "check if edit profile page is loaded",
              "fullTitle": "Play VoD (Logged Out / Unauthenticated) check if edit profile page is loaded",
              "timedOut": false,
              "duration": 1154,
              "state": "passed",
              "speed": "slow",
              "pass": true,
              "fail": false,
              "pending": false,
              "context": null,
              "code": "this.timeout(10000);\nconst res = await library.verifyIsScreenLoaded({\n    \"elementData\" :[{\n        \"using\": \"text\",\n        \"value\": \"EDIT PROFILE\"\n    }]\n});\nexpect(res).to.equal(true);",
              "err": {},
              "uuid": "4bccdc71-f8e6-4c0a-8320-77f1925f11cc",
              "parentUUID": "8d569ee9-87c9-4a56-b221-c7ecce7e0299",
              "isHook": false,
              "skipped": false
            },
            {
              "title": "I expect to see the viewing history option",
              "fullTitle": "Play VoD (Logged Out / Unauthenticated) I expect to see the viewing history option",
              "timedOut": false,
              "duration": 64,
              "state": "passed",
              "speed": "medium",
              "pass": true,
              "fail": false,
              "pending": false,
              "context": null,
              "code": "this.timeout(30000);\nconst res = await library.verifyIsScreenLoaded({\n    \"elementData\" :[{\n        \"using\": \"text\",\n        \"value\": \"VIEWING HISTORY\"\n    }]\n});\nexpect(res).to.equal(true);",
              "err": {},
              "uuid": "ad854629-5500-47b4-a950-a71bbee23f64",
              "parentUUID": "8d569ee9-87c9-4a56-b221-c7ecce7e0299",
              "isHook": false,
              "skipped": false
            }
          ],
          "suites": [],
          "passes": [
            "74aeb662-3cea-4ece-bfb4-de56d5aff3ec",
            "442fac3b-d179-4c13-b59f-f0c4afb3e57e",
            "4bccdc71-f8e6-4c0a-8320-77f1925f11cc",
            "ad854629-5500-47b4-a950-a71bbee23f64"
          ],
          "failures": [],
          "pending": [],
          "skipped": [],
          "duration": 16511,
          "root": false,
          "rootEmpty": false,
          "_timeout": 2000
        }
      ],
      "passes": [],
      "failures": [],
      "pending": [],
      "skipped": [],
      "duration": 0,
      "root": true,
      "rootEmpty": true,
      "_timeout": 2000
    }
  ],
  "meta": {
    "mocha": {
      "version": "7.0.1"
    },
    "mochawesome": {
      "options": {
        "quiet": false,
        "reportFilename": "mochawesome",
        "saveHtml": true,
        "saveJson": true,
        "consoleReporter": "spec",
        "useInlineDiffs": false,
        "code": true
      },
      "version": "6.2.2"
    },
    "marge": {
      "options": null,
      "version": "5.2.0"
    }
  }
}